<?xml version="1.0" encoding="UTF-8"?>
<!-- Generated by org.testng.reporters.JUnitReportReporter -->
<testsuite hostname="DESKTOP-C2TRKQ0" failures="0" tests="5" name="com.PhpTravels.AgentScripts.AgentLoginPageTest" time="70.753" errors="0" timestamp="2022-04-28T14:57:13 IST" skipped="0">
  <testcase classname="com.PhpTravels.AgentScripts.AgentLoginPageTest" name="launchApp" time="4.449"/>
  <system-out/>
  <testcase classname="com.PhpTravels.AgentScripts.AgentLoginPageTest" name="ValidLoginWithInvalidUserName" time="16.827"/>
  <system-out/>
  <testcase classname="com.PhpTravels.AgentScripts.AgentLoginPageTest" name="ValidLoginWithInvalidpassword" time="21.341"/>
  <system-out/>
  <testcase classname="com.PhpTravels.AgentScripts.AgentLoginPageTest" name="ValidLoginWithInvalidUserAndInvalidPassword" time="12.982"/>
  <system-out/>
  <testcase classname="com.PhpTravels.AgentScripts.AgentLoginPageTest" name="verifyValidLogin" time="15.154"/>
  <system-out/>
</testsuite> <!-- com.PhpTravels.AgentScripts.AgentLoginPageTest -->
