<?xml version="1.0" encoding="UTF-8"?>
<!-- Generated by org.testng.reporters.JUnitReportReporter -->
<testsuite hostname="DESKTOP-C2TRKQ0" failures="0" tests="3" name="com.PhpTravels.SupplierScripts.SupplierDashBoardTest" time="14.638" errors="0" timestamp="2022-05-01T06:20:03 IST" skipped="0">
  <testcase classname="com.PhpTravels.SupplierScripts.SupplierDashBoardTest" name="verifyValidLogin" time="12.212"/>
  <system-out/>
  <testcase classname="com.PhpTravels.SupplierScripts.SupplierDashBoardTest" name="verifyDashboard" time="2.112"/>
  <system-out/>
  <testcase classname="com.PhpTravels.SupplierScripts.SupplierDashBoardTest" name="verifyText" time="0.314"/>
  <system-out/>
</testsuite> <!-- com.PhpTravels.SupplierScripts.SupplierDashBoardTest -->
