<?xml version="1.0" encoding="UTF-8"?>
<!-- Generated by org.testng.reporters.JUnitReportReporter -->
<testsuite hostname="DESKTOP-C2TRKQ0" failures="0" tests="2" name="com.PhpTravels.AgentScripts.AgentDashBoardTest" time="37.714" errors="0" timestamp="2022-04-29T17:56:24 IST" skipped="0">
  <testcase classname="com.PhpTravels.AgentScripts.AgentDashBoardTest" name="verifyValidLogin" time="15.040"/>
  <system-out/>
  <testcase classname="com.PhpTravels.AgentScripts.AgentDashBoardTest" name="ValidCustomerDashBoard" time="22.674"/>
  <system-out/>
</testsuite> <!-- com.PhpTravels.AgentScripts.AgentDashBoardTest -->
