<?xml version="1.0" encoding="UTF-8"?>
<!-- Generated by org.testng.reporters.JUnitReportReporter -->
<testsuite hostname="DESKTOP-C2TRKQ0" failures="0" tests="2" name="com.PhpTravels.AgentScripts.AgentSearchHotelTest" time="82.799" errors="0" timestamp="2022-05-02T14:08:46 IST" skipped="0">
  <testcase classname="com.PhpTravels.AgentScripts.AgentSearchHotelTest" name="verifyValidLogin" time="17.244"/>
  <system-out/>
  <testcase classname="com.PhpTravels.AgentScripts.AgentSearchHotelTest" name="verifySearchHotels" time="65.555"/>
  <system-out/>
</testsuite> <!-- com.PhpTravels.AgentScripts.AgentSearchHotelTest -->
