<?xml version="1.0" encoding="UTF-8"?>
<!-- Generated by org.testng.reporters.JUnitReportReporter -->
<testsuite hostname="DESKTOP-C2TRKQ0" failures="0" tests="2" name="com.PhpTravels.SupplierScripts.SupplierModuleTest" time="48.097" errors="0" timestamp="2022-05-02T06:03:27 IST" skipped="0">
  <testcase classname="com.PhpTravels.SupplierScripts.SupplierModuleTest" name="verifyValidLogin" time="22.388"/>
  <system-out/>
  <testcase classname="com.PhpTravels.SupplierScripts.SupplierModuleTest" name="VerifyModules" time="25.709"/>
  <system-out/>
</testsuite> <!-- com.PhpTravels.SupplierScripts.SupplierModuleTest -->
