<?xml version="1.0" encoding="UTF-8"?>
<!-- Generated by org.testng.reporters.JUnitReportReporter -->
<testsuite hostname="DESKTOP-C2TRKQ0" failures="0" tests="2" name="com.PhpTravels.SupplierScripts.SupplierRevenueTest" time="19.961" errors="0" timestamp="2022-05-01T06:35:57 IST" skipped="0">
  <testcase classname="com.PhpTravels.SupplierScripts.SupplierRevenueTest" name="verifyValidLogin" time="11.652"/>
  <system-out/>
  <testcase classname="com.PhpTravels.SupplierScripts.SupplierRevenueTest" name="VerifyRevenuebreakdown" time="8.309"/>
  <system-out/>
</testsuite> <!-- com.PhpTravels.SupplierScripts.SupplierRevenueTest -->
