<?xml version="1.0" encoding="UTF-8"?>
<!-- Generated by org.testng.reporters.JUnitReportReporter -->
<testsuite hostname="DESKTOP-C2TRKQ0" failures="0" tests="2" name="com.PhpTravels.scripts.CustomerAddFundTest" time="37.839" errors="0" timestamp="2022-04-26T07:02:46 IST" skipped="0">
  <testcase classname="com.PhpTravels.scripts.CustomerAddFundTest" name="verifyValidLogin" time="17.611"/>
  <system-out/>
  <testcase classname="com.PhpTravels.scripts.CustomerAddFundTest" name="checkMyfunds" time="20.228"/>
  <system-out/>
</testsuite> <!-- com.PhpTravels.scripts.CustomerAddFundTest -->
