<?xml version="1.0" encoding="UTF-8"?>
<!-- Generated by org.testng.reporters.JUnitReportReporter -->
<testsuite hostname="DESKTOP-C2TRKQ0" failures="0" tests="5" name="com.PhpTravels.scripts.CustomerLoginPageTest" time="61.789" errors="0" timestamp="2022-04-25T14:38:18 IST" skipped="0">
  <testcase classname="com.PhpTravels.scripts.CustomerLoginPageTest" name="launchApp" time="7.576"/>
  <system-out/>
  <testcase classname="com.PhpTravels.scripts.CustomerLoginPageTest" name="ValidLoginWithInvalidUserName" time="16.308"/>
  <system-out/>
  <testcase classname="com.PhpTravels.scripts.CustomerLoginPageTest" name="ValidLoginWithInvalidpassword" time="12.369"/>
  <system-out/>
  <testcase classname="com.PhpTravels.scripts.CustomerLoginPageTest" name="ValidLoginWithInvalidUserAndInvalidPassword" time="12.866"/>
  <system-out/>
  <testcase classname="com.PhpTravels.scripts.CustomerLoginPageTest" name="verifyValidLogin" time="12.670"/>
  <system-out/>
</testsuite> <!-- com.PhpTravels.scripts.CustomerLoginPageTest -->
