<?xml version="1.0" encoding="UTF-8"?>
<!-- Generated by org.testng.reporters.JUnitReportReporter -->
<testsuite hostname="DESKTOP-C2TRKQ0" failures="0" tests="3" name="com.PhpTravels.AdminScripts.AdminBookingsLinkTest" time="41.494" errors="0" timestamp="2022-05-02T06:29:06 IST" skipped="0">
  <testcase classname="com.PhpTravels.AdminScripts.AdminBookingsLinkTest" name="verifyValidLogin" time="20.665"/>
  <system-out/>
  <testcase classname="com.PhpTravels.AdminScripts.AdminBookingsLinkTest" name="verifyBookingsLink" time="9.193"/>
  <system-out/>
  <testcase classname="com.PhpTravels.AdminScripts.AdminBookingsLinkTest" name="verifyInvoice" time="11.636"/>
  <system-out/>
</testsuite> <!-- com.PhpTravels.AdminScripts.AdminBookingsLinkTest -->
