<?xml version="1.0" encoding="UTF-8"?>
<!-- Generated by org.testng.reporters.JUnitReportReporter -->
<testsuite hostname="DESKTOP-C2TRKQ0" failures="0" tests="2" name="com.PhpTravels.AdminScripts.AdminWebsiteLinkTest" time="26.647" errors="0" timestamp="2022-05-02T06:22:25 IST" skipped="0">
  <testcase classname="com.PhpTravels.AdminScripts.AdminWebsiteLinkTest" name="verifyValidLogin" time="24.808"/>
  <system-out/>
  <testcase classname="com.PhpTravels.AdminScripts.AdminWebsiteLinkTest" name="verifyWebsiteLink" time="1.839"/>
  <system-out/>
</testsuite> <!-- com.PhpTravels.AdminScripts.AdminWebsiteLinkTest -->
