<?xml version="1.0" encoding="UTF-8"?>
<!-- Generated by org.testng.reporters.JUnitReportReporter -->
<testsuite hostname="DESKTOP-C2TRKQ0" failures="0" tests="2" name="com.PhpTravels.AdminScripts.AdminLoginTest" time="22.780" errors="0" timestamp="2022-04-30T06:31:16 IST" skipped="0">
  <testcase classname="com.PhpTravels.AdminScripts.AdminLoginTest" name="launchApp" time="0.810"/>
  <system-out/>
  <testcase classname="com.PhpTravels.AdminScripts.AdminLoginTest" name="verifyValidLogin" time="21.970"/>
  <system-out/>
</testsuite> <!-- com.PhpTravels.AdminScripts.AdminLoginTest -->
