<?xml version="1.0" encoding="UTF-8"?>
<!-- Generated by org.testng.reporters.JUnitReportReporter -->
<testsuite hostname="DESKTOP-C2TRKQ0" failures="0" tests="2" name="com.PhpTravels.scripts.CustomerDashBoardTest" time="37.572" errors="0" timestamp="2022-04-26T05:37:54 IST" skipped="0">
  <testcase classname="com.PhpTravels.scripts.CustomerDashBoardTest" name="verifyValidLogin" time="16.241"/>
  <system-out/>
  <testcase classname="com.PhpTravels.scripts.CustomerDashBoardTest" name="ValidCustomerDashBoard" time="21.331"/>
  <system-out/>
</testsuite> <!-- com.PhpTravels.scripts.CustomerDashBoardTest -->
