<?xml version="1.0" encoding="UTF-8"?>
<!-- Generated by org.testng.reporters.JUnitReportReporter -->
<testsuite hostname="DESKTOP-C2TRKQ0" failures="0" tests="2" name="com.PhpTravels.AdminScripts.AdminBookingDeleteTest" time="39.892" errors="0" timestamp="2022-05-02T11:46:28 IST" skipped="0">
  <testcase classname="com.PhpTravels.AdminScripts.AdminBookingDeleteTest" name="verifyValidLogin" time="21.617"/>
  <system-out/>
  <testcase classname="com.PhpTravels.AdminScripts.AdminBookingDeleteTest" name="verifyBookingcancelled" time="18.275"/>
  <system-out/>
</testsuite> <!-- com.PhpTravels.AdminScripts.AdminBookingDeleteTest -->
