<?xml version="1.0" encoding="UTF-8"?>
<!-- Generated by org.testng.reporters.JUnitReportReporter -->
<testsuite hostname="DESKTOP-C2TRKQ0" failures="0" tests="4" name="com.PhpTravels.SupplierScripts.SupplierLoginTest" time="40.484" errors="0" timestamp="2022-05-01T05:57:51 IST" skipped="0">
  <testcase classname="com.PhpTravels.SupplierScripts.SupplierLoginTest" name="ValidLoginWithInvalidUserName" time="13.427"/>
  <system-out/>
  <testcase classname="com.PhpTravels.SupplierScripts.SupplierLoginTest" name="ValidLoginWithInvalidpassword" time="9.356"/>
  <system-out/>
  <testcase classname="com.PhpTravels.SupplierScripts.SupplierLoginTest" name="ValidLoginWithInvalidUserAndInvalidPassword" time="8.526"/>
  <system-out/>
  <testcase classname="com.PhpTravels.SupplierScripts.SupplierLoginTest" name="verifyValidLogin" time="9.175"/>
  <system-out/>
</testsuite> <!-- com.PhpTravels.SupplierScripts.SupplierLoginTest -->
