<?xml version="1.0" encoding="UTF-8"?>
<!-- Generated by org.testng.reporters.JUnitReportReporter -->
<testsuite hostname="DESKTOP-C2TRKQ0" failures="0" tests="3" name="com.PhpTravels.scripts.CustomerProfileTest" time="55.188" errors="0" timestamp="2022-04-26T06:45:43 IST" skipped="0">
  <testcase classname="com.PhpTravels.scripts.CustomerProfileTest" name="verifyValidLogin" time="19.415"/>
  <system-out/>
  <testcase classname="com.PhpTravels.scripts.CustomerProfileTest" name="checkProfile" time="7.584"/>
  <system-out/>
  <testcase classname="com.PhpTravels.scripts.CustomerProfileTest" name="updateProfile" time="28.189"/>
  <system-out/>
</testsuite> <!-- com.PhpTravels.scripts.CustomerProfileTest -->
